<?xml version="1.0" encoding="UTF-8"?>
<robot generator="Robot 6.0.2 (Python 3.9.6 on darwin)" generated="20230329 09:48:45.053" rpa="false" schemaversion="3">
<suite id="s1" name="chat test CU-Sc.V1.0" source="/Users/maxandre/Documents/Cours/QLogicielle/TVChat/chat_test_CU-Sc.V1.0.robot">
<test id="s1-t1" name="Entrer dans le chat" line="10">
<kw name="Log" library="BuiltIn">
<arg>TODO le test case !</arg>
<doc>Logs the given message with the given level.</doc>
<msg timestamp="20230329 09:48:45.174" level="INFO">TODO le test case !</msg>
<status status="PASS" starttime="20230329 09:48:45.174" endtime="20230329 09:48:45.174"/>
</kw>
<kw name="Exécution Camix" library="chat_test_CU-Sc.V1.0">
<kw name="Start Process" library="Process">
<arg>java</arg>
<arg>-Duser.language\=fr -Duser.country\=FR -jar SUT/Camix-0.4.3.jar</arg>
<arg>alias=Camix</arg>
<doc>Starts a new process on background.</doc>
<msg timestamp="20230329 09:48:45.174" level="INFO">Starting process:
java "-Duser.language=fr -Duser.country=FR -jar SUT/Camix-0.4.3.jar"</msg>
<status status="PASS" starttime="20230329 09:48:45.174" endtime="20230329 09:48:45.177"/>
</kw>
<kw name="Sleep" library="BuiltIn">
<arg>2s</arg>
<doc>Pauses the test executed for the given time.</doc>
<msg timestamp="20230329 09:48:47.180" level="INFO">Slept 2 seconds</msg>
<status status="PASS" starttime="20230329 09:48:45.177" endtime="20230329 09:48:47.182"/>
</kw>
<status status="PASS" starttime="20230329 09:48:45.174" endtime="20230329 09:48:47.183"/>
</kw>
<kw name="Exécution Felix" library="chat_test_CU-Sc.V1.0">
<kw name="Start Application" library="RemoteSwingLibrary">
<arg>Felix</arg>
<arg>java -Duser.language=fr -Duser.country=FR -jar SUT/Felix-0.4.3.jar -b</arg>
<arg>stdout=/dev/null</arg>
<arg>stderr=/dev/null</arg>
<doc>Starts the process in the ``command`` parameter  on the host operating system.
        The given ``alias`` is stored to identify the started application in RemoteSwingLibrary.</doc>
<msg timestamp="20230329 09:48:47.186" level="INFO" html="true">&lt;a href="/dev/null"&gt;Link to stdout&lt;/a&gt;</msg>
<msg timestamp="20230329 09:48:47.186" level="INFO" html="true">&lt;a href="/dev/null"&gt;Link to stderr&lt;/a&gt;</msg>
<msg timestamp="20230329 09:48:47.186" level="INFO">-javaagent:"/Users/maxandre/Documents/Cours/QLogicielle/TVChat/remoteswinglibrary-2.3.2.jar"=127.0.0.1:60448</msg>
<msg timestamp="20230329 09:48:47.186" level="INFO">Java version &gt; 9: True</msg>
<msg timestamp="20230329 09:48:47.188" level="INFO">Starting process:
java -Duser.language=fr -Duser.country=FR -jar SUT/Felix-0.4.3.jar -b</msg>
<msg timestamp="20230329 09:49:47.209" level="INFO">Failed to start application: Traceback (most recent call last):
  File "/Users/maxandre/Documents/Cours/QLogicielle/TVChat/remoteswinglibrary-2.3.2.jar/RemoteSwingLibrary.py", line 446, in start_application
    self._application_started(alias, timeout, name_contains, remote_port, accept_old=False)
  File "/Users/maxandre/Documents/Cours/QLogicielle/TVChat/remoteswinglibrary-2.3.2.jar/RemoteSwingLibrary.py", line 495, in _application_started
    url = self._get_agent_address(name_contains, accept_old)
  File "/Users/maxandre/Documents/Cours/QLogicielle/TVChat/remoteswinglibrary-2.3.2.jar/RemoteSwingLibrary.py", line 516, in _get_agent_address
    raise RemoteSwingLibraryTimeoutError('Agent port not received before timeout')
RemoteSwingLibrary.RemoteSwingLibraryTimeoutError: Agent port not received before timeout
</msg>
<msg timestamp="20230329 09:49:47.210" level="INFO">Waiting for process to complete.</msg>
<msg timestamp="20230329 09:49:47.210" level="INFO">Process completed.</msg>
<msg timestamp="20230329 09:49:47.210" level="INFO">STDOUT: </msg>
<msg timestamp="20230329 09:49:47.210" level="INFO">STDERR: </msg>
<msg timestamp="20230329 09:49:47.211" level="FAIL">RemoteSwingLibraryTimeoutError: Agent port not received before timeout</msg>
<status status="FAIL" starttime="20230329 09:48:47.185" endtime="20230329 09:49:47.211"/>
</kw>
<kw name="Sleep" library="BuiltIn">
<arg>5s</arg>
<doc>Pauses the test executed for the given time.</doc>
<status status="NOT RUN" starttime="20230329 09:49:47.211" endtime="20230329 09:49:47.211"/>
</kw>
<status status="FAIL" starttime="20230329 09:48:47.183" endtime="20230329 09:49:47.212"/>
</kw>
<kw name="Arrêt Felix" library="chat_test_CU-Sc.V1.0">
<status status="NOT RUN" starttime="20230329 09:49:47.212" endtime="20230329 09:49:47.212"/>
</kw>
<kw name="Arrêt Camix" library="chat_test_CU-Sc.V1.0">
<status status="NOT RUN" starttime="20230329 09:49:47.212" endtime="20230329 09:49:47.212"/>
</kw>
<status status="FAIL" starttime="20230329 09:48:45.174" endtime="20230329 09:49:47.212">RemoteSwingLibraryTimeoutError: Agent port not received before timeout</status>
</test>
<status status="FAIL" starttime="20230329 09:48:45.054" endtime="20230329 09:49:47.213"/>
</suite>
<statistics>
<total>
<stat pass="0" fail="1" skip="0">All Tests</stat>
</total>
<tag>
</tag>
<suite>
<stat pass="0" fail="1" skip="0" id="s1" name="chat test CU-Sc.V1.0">chat test CU-Sc.V1.0</stat>
</suite>
</statistics>
<errors>
</errors>
</robot>
